app/build/outputs/logs/manifest-merger-debug-report.txt
-- Merging decision tree log ---
manifest
ADDED from src\main\AndroidManifest.xml:2:1-81:12
INJECTED from src\main\AndroidManifest.xml:2:1-81:12
INJECTED from src\main\AndroidManifest.xml:2:1-81:12
INJECTED from src\main\AndroidManifest.xml:2:1-81:12
MERGED from [com.github.florent37:expansionpanel:1.1.1] AndroidManifest.xml:2:1-11:12
MERGED from [com.karumi:dexter:4.2.0] AndroidManifest.xml:17:1-32:12
MERGED from [com.android.support:design:27.1.1] AndroidManifest.xml:17:1-22:12
MERGED from [com.airbnb.android:lottie:2.5.0] AndroidManifest.xml:2:1-14:12
MERGED from [com.cepheuen.elegant-number-button:lib:1.0.2] AndroidManifest.xml:2:1-19:12
MERGED from [com.github.florent37:arclayout:1.0.3] AndroidManifest.xml:2:1-12:12
MERGED from [com.github.IntruderShanky:Frisson:2.1.1] AndroidManifest.xml:2:1-17:12
MERGED from [com.android.support:preference-v14:25.3.1] AndroidManifest.xml:17:1-28:12
MERGED from [com.android.support:preference-v7:25.3.1] AndroidManifest.xml:17:1-28:12
MERGED from [com.android.support:appcompat-v7:27.1.1] AndroidManifest.xml:17:1-22:12
MERGED from [com.android.support.constraint:constraint-layout:1.1.3] AndroidManifest.xml:2:1-11:12
MERGED from [com.google.firebase:firebase-auth:16.0.5] AndroidManifest.xml:17:1-42:12
MERGED from [com.google.firebase:firebase-core:16.0.5] AndroidManifest.xml:2:1-9:12
MERGED from [com.google.firebase:firebase-measurement-connector-impl:17.0.3] AndroidManifest.xml:17:1-34:12
MERGED from [com.google.firebase:firebase-analytics:16.0.5] AndroidManifest.xml:17:1-55:12
MERGED from [com.google.android.gms:play-services-flags:16.0.1] AndroidManifest.xml:17:1-22:12
MERGED from [com.google.firebase:firebase-auth-interop:16.0.1] AndroidManifest.xml:2:1-10:12
MERGED from [com.google.android.gms:play-services-measurement-api:16.0.3] AndroidManifest.xml:17:1-25:12
MERGED from [com.google.firebase:firebase-analytics-impl:16.2.3] AndroidManifest.xml:17:1-40:12
MERGED from [com.google.firebase:firebase-iid:17.0.3] AndroidManifest.xml:17:1-59:12
MERGED from [com.google.firebase:firebase-iid-interop:16.0.1] AndroidManifest.xml:2:1-10:12
MERGED from [com.google.android.gms:play-services-base:16.0.1] AndroidManifest.xml:17:1-29:12
MERGED from [com.google.firebase:firebase-common:16.0.3] AndroidManifest.xml:2:1-17:12
MERGED from [com.google.android.gms:play-services-tasks:16.0.1] AndroidManifest.xml:2:1-9:12
MERGED from [com.google.android.gms:play-services-measurement-base:16.0.4] AndroidManifest.xml:2:1-9:12
MERGED from [com.google.android.gms:play-services-stats:16.0.1] AndroidManifest.xml:2:1-9:12
MERGED from [com.google.firebase:firebase-measurement-connector:17.0.1] AndroidManifest.xml:17:1-25:12
MERGED from [com.google.android.gms:play-services-ads-identifier:16.0.0] AndroidManifest.xml:17:1-24:12
MERGED from [com.google.android.gms:play-services-basement:16.1.0] AndroidManifest.xml:17:1-28:12
MERGED from [com.android.support:support-v4:27.1.1] AndroidManifest.xml:17:1-22:12
MERGED from [com.android.support:animated-vector-drawable:27.1.1] AndroidManifest.xml:17:1-22:12
MERGED from [com.android.support:support-vector-drawable:27.1.1] AndroidManifest.xml:17:1-22:12
MERGED from [com.android.support:cardview-v7:27.1.1] AndroidManifest.xml:17:1-22:12
MERGED from [com.android.support:recyclerview-v7:27.1.1] AndroidManifest.xml:17:1-22:12
MERGED from [de.hdodenhof:circleimageview:2.2.0] AndroidManifest.xml:2:1-11:12
MERGED from [com.jakewharton:butterknife:8.8.1] AndroidManifest.xml:2:1-7:12
MERGED from [com.facebook.shimmer:shimmer:0.1.0] AndroidManifest.xml:2:1-11:12
MERGED from [com.paytm.intentupi:paytmintentupi:1.1.2] AndroidManifest.xml:2:1-19:12
MERGED from [com.paytm:pgplussdk:1.1.2] AndroidManifest.xml:2:1-22:12
MERGED from [com.mikhaellopez:circularimageview:3.2.0] AndroidManifest.xml:2:1-11:12
MERGED from [com.jakewharton.timber:timber:4.7.1] AndroidManifest.xml:2:1-9:12
MERGED from [com.squareup:android-times-square:1.6.5] AndroidManifest.xml:2:1-9:12
MERGED from [com.github.markushi:circlebutton:1.1] AndroidManifest.xml:2:1-11:12
MERGED from [com.android.support:support-fragment:27.1.1] AndroidManifest.xml:17:1-22:12
MERGED from [com.android.support:support-core-ui:27.1.1] AndroidManifest.xml:17:1-22:12
MERGED from [com.android.support:palette-v7:25.0.1] AndroidManifest.xml:17:1-25:12
MERGED from [com.android.support:support-core-utils:27.1.1] AndroidManifest.xml:17:1-22:12
MERGED from [com.android.support:support-media-compat:27.1.1] AndroidManifest.xml:17:1-22:12
MERGED from [com.android.support:transition:27.1.1] AndroidManifest.xml:17:1-22:12
MERGED from [com.android.support:support-compat:27.1.1] AndroidManifest.xml:17:1-22:12
MERGED from [android.arch.lifecycle:livedata-core:1.1.0] AndroidManifest.xml:17:1-22:12
MERGED from [android.arch.lifecycle:viewmodel:1.1.0] AndroidManifest.xml:17:1-22:12
MERGED from [android.arch.lifecycle:runtime:1.1.0] AndroidManifest.xml:17:1-22:12
MERGED from [android.arch.core:runtime:1.1.0] AndroidManifest.xml:17:1-22:12
INJECTED from src\main\AndroidManifest.xml:2:1-81:12
INJECTED from src\main\AndroidManifest.xml:2:1-81:12
INJECTED from src\main\AndroidManifest.xml:2:1-81:12
	package
		ADDED from src\main\AndroidManifest.xml:4:5-44
		INJECTED from src\main\AndroidManifest.xml
		INJECTED from src\main\AndroidManifest.xml
	android:versionName
		INJECTED from src\main\AndroidManifest.xml
		ADDED from src\main\AndroidManifest.xml:2:1-81:12
		INJECTED from src\main\AndroidManifest.xml
	xmlns:tools
		ADDED from src\main\AndroidManifest.xml:3:5-51
	android:versionCode
		INJECTED from src\main\AndroidManifest.xml
		ADDED from src\main\AndroidManifest.xml:2:1-81:12
		INJECTED from src\main\AndroidManifest.xml
	xmlns:android
		ADDED from src\main\AndroidManifest.xml:2:11-69
uses-permission#android.permission.INTERNET
ADDED from src\main\AndroidManifest.xml:6:5-67
MERGED from [com.google.firebase:firebase-measurement-connector-impl:17.0.3] AndroidManifest.xml:22:5-67
MERGED from [com.google.firebase:firebase-measurement-connector-impl:17.0.3] AndroidManifest.xml:22:5-67
MERGED from [com.google.firebase:firebase-analytics:16.0.5] AndroidManifest.xml:23:5-67
MERGED from [com.google.firebase:firebase-analytics:16.0.5] AndroidManifest.xml:23:5-67
MERGED from [com.google.firebase:firebase-analytics-impl:16.2.3] AndroidManifest.xml:23:5-67
MERGED from [com.google.firebase:firebase-analytics-impl:16.2.3] AndroidManifest.xml:23:5-67
MERGED from [com.google.firebase:firebase-iid:17.0.3] AndroidManifest.xml:23:5-67
MERGED from [com.google.firebase:firebase-iid:17.0.3] AndroidManifest.xml:23:5-67
	android:name
		ADDED from src\main\AndroidManifest.xml:6:22-64
uses-permission#android.permission.ACCESS_NETWORK_STATE
ADDED from src\main\AndroidManifest.xml:7:5-79
MERGED from [com.google.firebase:firebase-measurement-connector-impl:17.0.3] AndroidManifest.xml:23:5-79
MERGED from [com.google.firebase:firebase-measurement-connector-impl:17.0.3] AndroidManifest.xml:23:5-79
MERGED from [com.google.firebase:firebase-analytics:16.0.5] AndroidManifest.xml:24:5-79
MERGED from [com.google.firebase:firebase-analytics:16.0.5] AndroidManifest.xml:24:5-79
MERGED from [com.google.firebase:firebase-analytics-impl:16.2.3] AndroidManifest.xml:24:5-79
MERGED from [com.google.firebase:firebase-analytics-impl:16.2.3] AndroidManifest.xml:24:5-79
MERGED from [com.google.firebase:firebase-iid:17.0.3] AndroidManifest.xml:22:5-79
MERGED from [com.google.firebase:firebase-iid:17.0.3] AndroidManifest.xml:22:5-79
	android:name
		ADDED from src\main\AndroidManifest.xml:7:22-76
uses-permission#android.permission.READ_SMS
ADDED from src\main\AndroidManifest.xml:8:5-67
	android:name
		ADDED from src\main\AndroidManifest.xml:8:22-64
uses-permission#android.permission.RECEIVE_SMS
ADDED from src\main\AndroidManifest.xml:9:5-70
	android:name
		ADDED from src\main\AndroidManifest.xml:9:22-67
application
ADDED from src\main\AndroidManifest.xml:11:5-79:19
MERGED from [com.karumi:dexter:4.2.0] AndroidManifest.xml:26:5-30:19
MERGED from [com.karumi:dexter:4.2.0] AndroidManifest.xml:26:5-30:19
MERGED from [com.airbnb.android:lottie:2.5.0] AndroidManifest.xml:12:5-20
MERGED from [com.airbnb.android:lottie:2.5.0] AndroidManifest.xml:12:5-20
MERGED from [com.cepheuen.elegant-number-button:lib:1.0.2] AndroidManifest.xml:11:5-17:19
MERGED from [com.cepheuen.elegant-number-button:lib:1.0.2] AndroidManifest.xml:11:5-17:19
MERGED from [com.github.IntruderShanky:Frisson:2.1.1] AndroidManifest.xml:11:5-15:19
MERGED from [com.github.IntruderShanky:Frisson:2.1.1] AndroidManifest.xml:11:5-15:19
MERGED from [com.android.support:preference-v14:25.3.1] AndroidManifest.xml:26:5-20
MERGED from [com.android.support:preference-v14:25.3.1] AndroidManifest.xml:26:5-20
MERGED from [com.android.support:preference-v7:25.3.1] AndroidManifest.xml:26:5-20
MERGED from [com.android.support:preference-v7:25.3.1] AndroidManifest.xml:26:5-20
MERGED from [com.android.support.constraint:constraint-layout:1.1.3] AndroidManifest.xml:9:5-20
MERGED from [com.android.support.constraint:constraint-layout:1.1.3] AndroidManifest.xml:9:5-20
MERGED from [com.google.firebase:firebase-auth:16.0.5] AndroidManifest.xml:23:5-40:19
MERGED from [com.google.firebase:firebase-auth:16.0.5] AndroidManifest.xml:23:5-40:19
MERGED from [com.google.firebase:firebase-core:16.0.5] AndroidManifest.xml:7:5-20
MERGED from [com.google.firebase:firebase-core:16.0.5] AndroidManifest.xml:7:5-20
MERGED from [com.google.firebase:firebase-measurement-connector-impl:17.0.3] AndroidManifest.xml:26:5-32:19
MERGED from [com.google.firebase:firebase-measurement-connector-impl:17.0.3] AndroidManifest.xml:26:5-32:19
MERGED from [com.google.firebase:firebase-analytics:16.0.5] AndroidManifest.xml:28:5-53:19
MERGED from [com.google.firebase:firebase-analytics:16.0.5] AndroidManifest.xml:28:5-53:19
MERGED from [com.google.firebase:firebase-auth-interop:16.0.1] AndroidManifest.xml:7:5-8:19
MERGED from [com.google.firebase:firebase-auth-interop:16.0.1] AndroidManifest.xml:7:5-8:19
MERGED from [com.google.android.gms:play-services-measurement-api:16.0.3] AndroidManifest.xml:22:5-23:19
MERGED from [com.google.android.gms:play-services-measurement-api:16.0.3] AndroidManifest.xml:22:5-23:19
MERGED from [com.google.firebase:firebase-analytics-impl:16.2.3] AndroidManifest.xml:28:5-38:19
MERGED from [com.google.firebase:firebase-analytics-impl:16.2.3] AndroidManifest.xml:28:5-38:19
MERGED from [com.google.firebase:firebase-iid:17.0.3] AndroidManifest.xml:28:5-57:19
MERGED from [com.google.firebase:firebase-iid:17.0.3] AndroidManifest.xml:28:5-57:19
MERGED from [com.google.firebase:firebase-iid-interop:16.0.1] AndroidManifest.xml:7:5-8:19
MERGED from [com.google.firebase:firebase-iid-interop:16.0.1] AndroidManifest.xml:7:5-8:19
MERGED from [com.google.android.gms:play-services-base:16.0.1] AndroidManifest.xml:22:5-27:19
MERGED from [com.google.android.gms:play-services-base:16.0.1] AndroidManifest.xml:22:5-27:19
MERGED from [com.google.firebase:firebase-common:16.0.3] AndroidManifest.xml:9:5-15:19
MERGED from [com.google.firebase:firebase-common:16.0.3] AndroidManifest.xml:9:5-15:19
MERGED from [com.google.android.gms:play-services-tasks:16.0.1] AndroidManifest.xml:7:5-20
MERGED from [com.google.android.gms:play-services-tasks:16.0.1] AndroidManifest.xml:7:5-20
MERGED from [com.google.android.gms:play-services-measurement-base:16.0.4] AndroidManifest.xml:7:5-20
MERGED from [com.google.android.gms:play-services-measurement-base:16.0.4] AndroidManifest.xml:7:5-20
MERGED from [com.google.android.gms:play-services-stats:16.0.1] AndroidManifest.xml:7:5-20
MERGED from [com.google.android.gms:play-services-stats:16.0.1] AndroidManifest.xml:7:5-20
MERGED from [com.google.firebase:firebase-measurement-connector:17.0.1] AndroidManifest.xml:22:5-23:19
MERGED from [com.google.firebase:firebase-measurement-connector:17.0.1] AndroidManifest.xml:22:5-23:19
MERGED from [com.google.android.gms:play-services-ads-identifier:16.0.0] AndroidManifest.xml:22:5-20
MERGED from [com.google.android.gms:play-services-ads-identifier:16.0.0] AndroidManifest.xml:22:5-20
MERGED from [com.google.android.gms:play-services-basement:16.1.0] AndroidManifest.xml:22:5-26:19
MERGED from [com.google.android.gms:play-services-basement:16.1.0] AndroidManifest.xml:22:5-26:19
MERGED from [de.hdodenhof:circleimageview:2.2.0] AndroidManifest.xml:9:5-20
MERGED from [de.hdodenhof:circleimageview:2.2.0] AndroidManifest.xml:9:5-20
MERGED from [com.paytm.intentupi:paytmintentupi:1.1.2] AndroidManifest.xml:11:5-17:19
MERGED from [com.paytm.intentupi:paytmintentupi:1.1.2] AndroidManifest.xml:11:5-17:19
MERGED from [com.paytm:pgplussdk:1.1.2] AndroidManifest.xml:9:5-20:19
MERGED from [com.paytm:pgplussdk:1.1.2] AndroidManifest.xml:9:5-20:19
MERGED from [com.jakewharton.timber:timber:4.7.1] AndroidManifest.xml:7:5-20
MERGED from [com.jakewharton.timber:timber:4.7.1] AndroidManifest.xml:7:5-20
MERGED from [com.github.markushi:circlebutton:1.1] AndroidManifest.xml:9:5-20
MERGED from [com.github.markushi:circlebutton:1.1] AndroidManifest.xml:9:5-20
MERGED from [com.android.support:palette-v7:25.0.1] AndroidManifest.xml:22:5-23:19
MERGED from [com.android.support:palette-v7:25.0.1] AndroidManifest.xml:22:5-23:19
	android:supportsRtl
		ADDED from src\main\AndroidManifest.xml:17:9-35
	android:label
		ADDED from src\main\AndroidManifest.xml:15:9-41
	tools:ignore
		ADDED from src\main\AndroidManifest.xml:20:9-48
	android:roundIcon
		ADDED from src\main\AndroidManifest.xml:16:9-50
	tools:targetApi
		ADDED from src\main\AndroidManifest.xml:21:9-28
	android:icon
		ADDED from src\main\AndroidManifest.xml:14:9-45
		REJECTED from [com.cepheuen.elegant-number-button:lib:1.0.2] AndroidManifest.xml:13:9-43
	android:allowBackup
		ADDED from src\main\AndroidManifest.xml:13:9-35
	android:theme
		ADDED from src\main\AndroidManifest.xml:18:9-40
	tools:replace
		ADDED from src\main\AndroidManifest.xml:22:9-37
	android:usesCleartextTraffic
		ADDED from src\main\AndroidManifest.xml:19:9-44
	android:name
		ADDED from src\main\AndroidManifest.xml:12:9-42
activity#techlab.digital.com.ecommclap.activity.schedule_products.FetchSchedulableSubCategory
ADDED from src\main\AndroidManifest.xml:23:9-101
	android:name
		ADDED from src\main\AndroidManifest.xml:23:19-89
activity#techlab.digital.com.ecommclap.activity.schedule_products.ScheduledCartActivity
ADDED from src\main\AndroidManifest.xml:24:9-86
	android:name
		ADDED from src\main\AndroidManifest.xml:24:19-83
activity#techlab.digital.com.ecommclap.activity.schedule_products.SchedulableItemsActivity
ADDED from src\main\AndroidManifest.xml:25:9-89
	android:name
		ADDED from src\main\AndroidManifest.xml:25:19-86
activity#techlab.digital.com.ecommclap.activity.schedule_products.ItemsSchedulerActivity
ADDED from src\main\AndroidManifest.xml:26:9-87
	android:name
		ADDED from src\main\AndroidManifest.xml:26:19-84
activity#techlab.digital.com.ecommclap.activity.VerifyPhoneActivity
ADDED from src\main\AndroidManifest.xml:27:9-66
	android:name
		ADDED from src\main\AndroidManifest.xml:27:19-63
activity#techlab.digital.com.ecommclap.activity.auth.ResetPasswordActivity
ADDED from src\main\AndroidManifest.xml:28:9-73
	android:name
		ADDED from src\main\AndroidManifest.xml:28:19-70
activity#techlab.digital.com.ecommclap.activity.ShowScheduledProducts
ADDED from src\main\AndroidManifest.xml:29:9-68
	android:name
		ADDED from src\main\AndroidManifest.xml:29:19-65
activity#techlab.digital.com.ecommclap.activity.ScheduledParentsProductsActivity
ADDED from src\main\AndroidManifest.xml:30:9-79
	android:name
		ADDED from src\main\AndroidManifest.xml:30:19-76
activity#techlab.digital.com.ecommclap.activity.ReferallsActivity
ADDED from src\main\AndroidManifest.xml:31:9-64
	android:name
		ADDED from src\main\AndroidManifest.xml:31:19-61
activity#techlab.digital.com.ecommclap.activity.NewCategoryActivity
ADDED from src\main\AndroidManifest.xml:32:9-66
	android:name
		ADDED from src\main\AndroidManifest.xml:32:19-63
activity#techlab.digital.com.ecommclap.activity.wallet_activity.ShowUserOrdersActivity
ADDED from src\main\AndroidManifest.xml:33:9-85
	android:name
		ADDED from src\main\AndroidManifest.xml:33:19-82
activity#techlab.digital.com.ecommclap.activity.UpdatePaymentDetailsActivity
ADDED from src\main\AndroidManifest.xml:34:9-75
	android:name
		ADDED from src\main\AndroidManifest.xml:34:19-72
activity#techlab.digital.com.ecommclap.activity.wallet_activity.AddMoneyToWallet
ADDED from src\main\AndroidManifest.xml:35:9-79
	android:name
		ADDED from src\main\AndroidManifest.xml:35:19-76
activity#techlab.digital.com.ecommclap.activity.wallet_activity.ViewPrimaryWallet
ADDED from src\main\AndroidManifest.xml:36:9-80
	android:name
		ADDED from src\main\AndroidManifest.xml:36:19-77
activity#techlab.digital.com.ecommclap.activity.wallet_activity.EcomWalletActivity
ADDED from src\main\AndroidManifest.xml:37:9-81
	android:name
		ADDED from src\main\AndroidManifest.xml:37:19-78
activity#techlab.digital.com.ecommclap.activity.CheckoutProductActivity
ADDED from src\main\AndroidManifest.xml:38:9-70
	android:name
		ADDED from src\main\AndroidManifest.xml:38:19-67
activity#techlab.digital.com.ecommclap.activity.WelcomeActivity
ADDED from src\main\AndroidManifest.xml:39:9-45:20
	android:name
		ADDED from src\main\AndroidManifest.xml:39:19-59
intent-filter#action:name:android.intent.action.MAIN+category:name:android.intent.category.LAUNCHER
ADDED from src\main\AndroidManifest.xml:40:13-44:29
action#android.intent.action.MAIN
ADDED from src\main\AndroidManifest.xml:41:17-69
	android:name
		ADDED from src\main\AndroidManifest.xml:41:25-66
category#android.intent.category.LAUNCHER
ADDED from src\main\AndroidManifest.xml:43:17-77
	android:name
		ADDED from src\main\AndroidManifest.xml:43:27-74
activity#techlab.digital.com.ecommclap.activity.SelectCityActivity
ADDED from src\main\AndroidManifest.xml:46:9-64
	android:name
		ADDED from src\main\AndroidManifest.xml:46:19-62
activity#techlab.digital.com.ecommclap.activity.ComplaintActivity
ADDED from src\main\AndroidManifest.xml:47:9-64
	android:name
		ADDED from src\main\AndroidManifest.xml:47:19-61
activity#techlab.digital.com.ecommclap.activity.auth.LoginActivity
ADDED from src\main\AndroidManifest.xml:48:9-65
	android:name
		ADDED from src\main\AndroidManifest.xml:48:19-62
activity#techlab.digital.com.ecommclap.activity.auth.ForgotPasswordActivity
ADDED from src\main\AndroidManifest.xml:49:9-74
	android:name
		ADDED from src\main\AndroidManifest.xml:49:19-71
activity#techlab.digital.com.ecommclap.activity.UserProfileActivity
ADDED from src\main\AndroidManifest.xml:50:9-66
	android:name
		ADDED from src\main\AndroidManifest.xml:50:19-63
activity#techlab.digital.com.ecommclap.activity.AllServiceActivity
ADDED from src\main\AndroidManifest.xml:51:9-65
	android:name
		ADDED from src\main\AndroidManifest.xml:51:19-62
activity#techlab.digital.com.ecommclap.activity.ProductListings
ADDED from src\main\AndroidManifest.xml:52:9-62
	android:name
		ADDED from src\main\AndroidManifest.xml:52:19-59
activity#techlab.digital.com.ecommclap.activity.CartActivity
ADDED from src\main\AndroidManifest.xml:53:9-59
	android:name
		ADDED from src\main\AndroidManifest.xml:53:19-56
activity#techlab.digital.com.ecommclap.activity.UserAddress
ADDED from src\main\AndroidManifest.xml:54:9-58
	android:name
		ADDED from src\main\AndroidManifest.xml:54:19-55
activity#techlab.digital.com.ecommclap.activity.ContactUsActivity
ADDED from src\main\AndroidManifest.xml:55:9-64
	android:name
		ADDED from src\main\AndroidManifest.xml:55:19-61
activity#techlab.digital.com.ecommclap.activity.AboutUsActivity
ADDED from src\main\AndroidManifest.xml:56:9-62
	android:name
		ADDED from src\main\AndroidManifest.xml:56:19-59
activity#techlab.digital.com.ecommclap.dialog.RegistrationFragmentDialog
ADDED from src\main\AndroidManifest.xml:57:9-71
	android:name
		ADDED from src\main\AndroidManifest.xml:57:19-68
activity#techlab.digital.com.ecommclap.activity.UserConfirmation
ADDED from src\main\AndroidManifest.xml:58:9-63
	android:name
		ADDED from src\main\AndroidManifest.xml:58:19-60
activity#techlab.digital.com.ecommclap.activity.UserAuthentication
ADDED from src\main\AndroidManifest.xml:59:9-65
	android:name
		ADDED from src\main\AndroidManifest.xml:59:19-62
activity#techlab.digital.com.ecommclap.activity.CheckOutServiceActivity
ADDED from src\main\AndroidManifest.xml:60:9-70
	android:name
		ADDED from src\main\AndroidManifest.xml:60:19-67
activity#techlab.digital.com.ecommclap.activity.UpdateUserDetails
ADDED from src\main\AndroidManifest.xml:61:9-64
	android:name
		ADDED from src\main\AndroidManifest.xml:61:19-61
activity#techlab.digital.com.ecommclap.activity.PaytmGatweyActivity
ADDED from src\main\AndroidManifest.xml:62:9-66
	android:name
		ADDED from src\main\AndroidManifest.xml:62:19-63
activity#techlab.digital.com.ecommclap.activity.AppInformationActivity
ADDED from src\main\AndroidManifest.xml:63:9-69
	android:name
		ADDED from src\main\AndroidManifest.xml:63:19-66
activity#techlab.digital.com.ecommclap.activity.MyAccountActivity
ADDED from src\main\AndroidManifest.xml:64:9-64
	android:name
		ADDED from src\main\AndroidManifest.xml:64:19-61
activity#techlab.digital.com.ecommclap.dialog.UpdateBillingAdd
ADDED from src\main\AndroidManifest.xml:65:9-61
	android:name
		ADDED from src\main\AndroidManifest.xml:65:19-58
activity#techlab.digital.com.ecommclap.activity.ChatHistoryActivity
ADDED from src\main\AndroidManifest.xml:66:9-66
	android:name
		ADDED from src\main\AndroidManifest.xml:66:19-63
activity#techlab.digital.com.ecommclap.activity.ViewLockedComplainActivity
ADDED from src\main\AndroidManifest.xml:67:9-73
	android:name
		ADDED from src\main\AndroidManifest.xml:67:19-70
activity#techlab.digital.com.ecommclap.activity.ScheduleProductCalenderView
ADDED from src\main\AndroidManifest.xml:68:9-74
	android:name
		ADDED from src\main\AndroidManifest.xml:68:19-71
service#techlab.digital.com.ecommclap.services.services.FetchCategoryServiceOne
ADDED from src\main\AndroidManifest.xml:70:9-78:19
	android:enabled
		ADDED from src\main\AndroidManifest.xml:73:13-35
	android:label
		ADDED from src\main\AndroidManifest.xml:74:13-43
	android:icon
		ADDED from src\main\AndroidManifest.xml:72:13-47
	android:name
		ADDED from src\main\AndroidManifest.xml:71:13-70
intent-filter#action:name:com.mysite.appname.MyStaticString.PLAY_FINISHED
ADDED from src\main\AndroidManifest.xml:75:13-77:29
action#com.mysite.appname.MyStaticString.PLAY_FINISHED
ADDED from src\main\AndroidManifest.xml:76:17-90
	android:name
		ADDED from src\main\AndroidManifest.xml:76:25-87
uses-sdk
INJECTED from src\main\AndroidManifest.xml reason: use-sdk injection requested
INJECTED from src\main\AndroidManifest.xml
INJECTED from src\main\AndroidManifest.xml
MERGED from [com.github.florent37:expansionpanel:1.1.1] AndroidManifest.xml:7:5-9:41
MERGED from [com.github.florent37:expansionpanel:1.1.1] AndroidManifest.xml:7:5-9:41
MERGED from [com.karumi:dexter:4.2.0] AndroidManifest.xml:22:5-24:41
MERGED from [com.karumi:dexter:4.2.0] AndroidManifest.xml:22:5-24:41
MERGED from [com.android.support:design:27.1.1] AndroidManifest.xml:20:5-44
MERGED from [com.android.support:design:27.1.1] AndroidManifest.xml:20:5-44
MERGED from [com.airbnb.android:lottie:2.5.0] AndroidManifest.xml:8:5-10:41
MERGED from [com.airbnb.android:lottie:2.5.0] AndroidManifest.xml:8:5-10:41
MERGED from [com.cepheuen.elegant-number-button:lib:1.0.2] AndroidManifest.xml:7:5-9:41
MERGED from [com.cepheuen.elegant-number-button:lib:1.0.2] AndroidManifest.xml:7:5-9:41
MERGED from [com.github.florent37:arclayout:1.0.3] AndroidManifest.xml:8:5-10:41
MERGED from [com.github.florent37:arclayout:1.0.3] AndroidManifest.xml:8:5-10:41
MERGED from [com.github.IntruderShanky:Frisson:2.1.1] AndroidManifest.xml:7:5-9:41
MERGED from [com.github.IntruderShanky:Frisson:2.1.1] AndroidManifest.xml:7:5-9:41
MERGED from [com.android.support:preference-v14:25.3.1] AndroidManifest.xml:20:5-44
MERGED from [com.android.support:preference-v14:25.3.1] AndroidManifest.xml:20:5-44
MERGED from [com.android.support:preference-v7:25.3.1] AndroidManifest.xml:20:5-43
MERGED from [com.android.support:preference-v7:25.3.1] AndroidManifest.xml:20:5-43
MERGED from [com.android.support:appcompat-v7:27.1.1] AndroidManifest.xml:20:5-44
MERGED from [com.android.support:appcompat-v7:27.1.1] AndroidManifest.xml:20:5-44
MERGED from [com.android.support.constraint:constraint-layout:1.1.3] AndroidManifest.xml:5:5-7:41
MERGED from [com.android.support.constraint:constraint-layout:1.1.3] AndroidManifest.xml:5:5-7:41
MERGED from [com.google.firebase:firebase-auth:16.0.5] AndroidManifest.xml:21:5-44
MERGED from [com.google.firebase:firebase-auth:16.0.5] AndroidManifest.xml:21:5-44
MERGED from [com.google.firebase:firebase-core:16.0.5] AndroidManifest.xml:5:5-44
MERGED from [com.google.firebase:firebase-core:16.0.5] AndroidManifest.xml:5:5-44
MERGED from [com.google.firebase:firebase-measurement-connector-impl:17.0.3] AndroidManifest.xml:20:5-44
MERGED from [com.google.firebase:firebase-measurement-connector-impl:17.0.3] AndroidManifest.xml:20:5-44
MERGED from [com.google.firebase:firebase-analytics:16.0.5] AndroidManifest.xml:20:5-44
MERGED from [com.google.firebase:firebase-analytics:16.0.5] AndroidManifest.xml:20:5-44
MERGED from [com.google.android.gms:play-services-flags:16.0.1] AndroidManifest.xml:20:5-44
MERGED from [com.google.android.gms:play-services-flags:16.0.1] AndroidManifest.xml:20:5-44
MERGED from [com.google.firebase:firebase-auth-interop:16.0.1] AndroidManifest.xml:5:5-44
MERGED from [com.google.firebase:firebase-auth-interop:16.0.1] AndroidManifest.xml:5:5-44
MERGED from [com.google.android.gms:play-services-measurement-api:16.0.3] AndroidManifest.xml:20:5-44
MERGED from [com.google.android.gms:play-services-measurement-api:16.0.3] AndroidManifest.xml:20:5-44
MERGED from [com.google.firebase:firebase-analytics-impl:16.2.3] AndroidManifest.xml:20:5-44
MERGED from [com.google.firebase:firebase-analytics-impl:16.2.3] AndroidManifest.xml:20:5-44
MERGED from [com.google.firebase:firebase-iid:17.0.3] AndroidManifest.xml:20:5-44
MERGED from [com.google.firebase:firebase-iid:17.0.3] AndroidManifest.xml:20:5-44
MERGED from [com.google.firebase:firebase-iid-interop:16.0.1] AndroidManifest.xml:5:5-44
MERGED from [com.google.firebase:firebase-iid-interop:16.0.1] AndroidManifest.xml:5:5-44
MERGED from [com.google.android.gms:play-services-base:16.0.1] AndroidManifest.xml:20:5-44
MERGED from [com.google.android.gms:play-services-base:16.0.1] AndroidManifest.xml:20:5-44
MERGED from [com.google.firebase:firebase-common:16.0.3] AndroidManifest.xml:5:5-7:41
MERGED from [com.google.firebase:firebase-common:16.0.3] AndroidManifest.xml:5:5-7:41
MERGED from [com.google.android.gms:play-services-tasks:16.0.1] AndroidManifest.xml:5:5-44
MERGED from [com.google.android.gms:play-services-tasks:16.0.1] AndroidManifest.xml:5:5-44
MERGED from [com.google.android.gms:play-services-measurement-base:16.0.4] AndroidManifest.xml:5:5-44
MERGED from [com.google.android.gms:play-services-measurement-base:16.0.4] AndroidManifest.xml:5:5-44
MERGED from [com.google.android.gms:play-services-stats:16.0.1] AndroidManifest.xml:5:5-44
MERGED from [com.google.android.gms:play-services-stats:16.0.1] AndroidManifest.xml:5:5-44
MERGED from [com.google.firebase:firebase-measurement-connector:17.0.1] AndroidManifest.xml:20:5-44
MERGED from [com.google.firebase:firebase-measurement-connector:17.0.1] AndroidManifest.xml:20:5-44
MERGED from [com.google.android.gms:play-services-ads-identifier:16.0.0] AndroidManifest.xml:20:5-44
MERGED from [com.google.android.gms:play-services-ads-identifier:16.0.0] AndroidManifest.xml:20:5-44
MERGED from [com.google.android.gms:play-services-basement:16.1.0] AndroidManifest.xml:20:5-44
MERGED from [com.google.android.gms:play-services-basement:16.1.0] AndroidManifest.xml:20:5-44
MERGED from [com.android.support:support-v4:27.1.1] AndroidManifest.xml:20:5-44
MERGED from [com.android.support:support-v4:27.1.1] AndroidManifest.xml:20:5-44
MERGED from [com.android.support:animated-vector-drawable:27.1.1] AndroidManifest.xml:20:5-44
MERGED from [com.android.support:animated-vector-drawable:27.1.1] AndroidManifest.xml:20:5-44
MERGED from [com.android.support:support-vector-drawable:27.1.1] AndroidManifest.xml:20:5-44
MERGED from [com.android.support:support-vector-drawable:27.1.1] AndroidManifest.xml:20:5-44
MERGED from [com.android.support:cardview-v7:27.1.1] AndroidManifest.xml:20:5-44
MERGED from [com.android.support:cardview-v7:27.1.1] AndroidManifest.xml:20:5-44
MERGED from [com.android.support:recyclerview-v7:27.1.1] AndroidManifest.xml:20:5-44
MERGED from [com.android.support:recyclerview-v7:27.1.1] AndroidManifest.xml:20:5-44
MERGED from [de.hdodenhof:circleimageview:2.2.0] AndroidManifest.xml:5:5-7:41
MERGED from [de.hdodenhof:circleimageview:2.2.0] AndroidManifest.xml:5:5-7:41
MERGED from [com.jakewharton:butterknife:8.8.1] AndroidManifest.xml:5:5-43
MERGED from [com.jakewharton:butterknife:8.8.1] AndroidManifest.xml:5:5-43
MERGED from [com.facebook.shimmer:shimmer:0.1.0] AndroidManifest.xml:7:5-9:41
MERGED from [com.facebook.shimmer:shimmer:0.1.0] AndroidManifest.xml:7:5-9:41
MERGED from [com.paytm.intentupi:paytmintentupi:1.1.2] AndroidManifest.xml:7:5-9:41
MERGED from [com.paytm.intentupi:paytmintentupi:1.1.2] AndroidManifest.xml:7:5-9:41
MERGED from [com.mikhaellopez:circularimageview:3.2.0] AndroidManifest.xml:7:5-9:41
MERGED from [com.mikhaellopez:circularimageview:3.2.0] AndroidManifest.xml:7:5-9:41
MERGED from [com.jakewharton.timber:timber:4.7.1] AndroidManifest.xml:5:5-43
MERGED from [com.jakewharton.timber:timber:4.7.1] AndroidManifest.xml:5:5-43
MERGED from [com.squareup:android-times-square:1.6.5] AndroidManifest.xml:7:5-43
MERGED from [com.squareup:android-times-square:1.6.5] AndroidManifest.xml:7:5-43
MERGED from [com.github.markushi:circlebutton:1.1] AndroidManifest.xml:7:5-44